<?xml version="1.0" encoding="UTF-8"?>
<!-- Generated by org.testng.reporters.JUnitReportReporter -->
<testsuite hostname="Ranjith" failures="0" tests="4" name="org.runner.DemoWebsho" time="32.733" errors="0" timestamp="2024-08-30T16:59:59 IST" skipped="0">
  <testcase classname="org.runner.DemoWebsho" name="Login" time="7.647"/>
  <testcase classname="org.runner.DemoWebsho" name="SerachProduct" time="1.738"/>
  <testcase classname="org.runner.DemoWebsho" name="proudctAdd" time="3.158"/>
  <testcase classname="org.runner.DemoWebsho" name="paymentPage" time="20.190"/>
</testsuite> <!-- org.runner.DemoWebsho -->
